This is pdfTeX, Version 3.141592653-2.6-1.40.27 (MiKTeX 25.4) (preloaded format=pdflatex 2025.10.7)  2 FEB 2026 18:16
entering extended mode
 restricted \write18 enabled.
 file:line:error style messages enabled.
 %&-line parsing enabled.
**c:/Users/pmeibel/Desktop/laburo/SGE/ERP_Odoo/Practica_5/Modulos_Odoo_Web_Controllers.tex
(c:/Users/pmeibel/Desktop/laburo/SGE/ERP_Odoo/Practica_5/Modulos_Odoo_Web_Controllers.tex
LaTeX2e <2025-06-01> patch level 1
L3 programming layer <2025-09-02>
(C:\Users\pmeibel\AppData\Local\Programs\MiKTeX\tex/latex/base\article.cls
Document Class: article 2025/01/22 v1.4n Standard LaTeX document class
(C:\Users\pmeibel\AppData\Local\Programs\MiKTeX\tex/latex/base\size12.clo
File: size12.clo 2025/01/22 v1.4n Standard LaTeX file (size option)
)
\c@part=\count275
\c@section=\count276
\c@subsection=\count277
\c@subsubsection=\count278
\c@paragraph=\count279
\c@subparagraph=\count280
\c@figure=\count281
\c@table=\count282
\abovecaptionskip=\skip49
\belowcaptionskip=\skip50
\bibindent=\dimen148
) (C:\Users\pmeibel\AppData\Local\Programs\MiKTeX\tex/latex/base\inputenc.sty
Package: inputenc 2024/02/08 v1.3d Input encoding file
\inpenc@prehook=\toks17
\inpenc@posthook=\toks18
) (C:\Users\pmeibel\AppData\Local\Programs\MiKTeX\tex/generic/babel\babel.sty
Package: babel 2025/08/03 v25.12 The multilingual framework for LuaLaTeX, pdfLaTeX and XeLaTeX
\babel@savecnt=\count283
LaTeX Encoding Info:    Redeclaring text command \ij (encoding OT1) on input line 2045.
LaTeX Encoding Info:    Redeclaring text command \IJ (encoding OT1) on input line 2047.
LaTeX Encoding Info:    Redeclaring text command \ij (encoding T1) on input line 2049.
LaTeX Encoding Info:    Redeclaring text command \IJ (encoding T1) on input line 2050.
LaTeX Encoding Info:    Ignoring declaration for text command \ij (encoding ?) on input line 2051.
LaTeX Encoding Info:    Ignoring declaration for text command \IJ (encoding ?) on input line 2053.
LaTeX Encoding Info:    Ignoring declaration for text command \SS (encoding ?) on input line 2078.
\U@D=\dimen149
\l@unhyphenated=\language79
 (C:\Users\pmeibel\AppData\Local\Programs\MiKTeX\tex/generic/babel\txtbabel.def)
\bbl@readstream=\read2
\bbl@dirlevel=\count284

*************************************
* Local config file bblopts.cfg used
*
(C:\Users\pmeibel\AppData\Local\Programs\MiKTeX\tex/latex/arabi\bblopts.cfg
File: bblopts.cfg 2005/09/08 v0.1 add Arabic and Farsi to "declared" options of babel
) (C:\Users\pmeibel\AppData\Local\Programs\MiKTeX\tex/latex/babel-spanish\spanish.ldf
Language: spanish.ldf 2021/05/27 v5.0q Spanish support from the babel system
 (C:\Users\pmeibel\AppData\Local\Programs\MiKTeX\tex/generic/babel/locale/es\babel-spanish.tex
Package babel Info: Importing font and identification data for spanish
(babel)             from babel-es.ini. Reported on input line 12.
)
\es@quottoks=\toks19
\es@quotdepth=\count285
Package babel Info: Making " an active character on input line 570.
Package babel Info: Making . an active character on input line 675.
Package babel Info: Making < an active character on input line 722.
Package babel Info: Making > an active character on input line 722.
))
LaTeX Encoding Info:    Redeclaring text command \guillemotleft (encoding OT1) on input line 5.
LaTeX Encoding Info:    Redeclaring text command \guillemotright (encoding OT1) on input line 5.
 (C:\Users\pmeibel\AppData\Local\Programs\MiKTeX\tex/latex/geometry\geometry.sty
Package: geometry 2020/01/02 v5.9 Page Geometry
 (C:\Users\pmeibel\AppData\Local\Programs\MiKTeX\tex/latex/graphics\keyval.sty
Package: keyval 2022/05/29 v1.15 key=value parser (DPC)
\KV@toks@=\toks20
) (C:\Users\pmeibel\AppData\Local\Programs\MiKTeX\tex/generic/iftex\ifvtex.sty
Package: ifvtex 2019/10/25 v1.7 ifvtex legacy package. Use iftex instead.
 (C:\Users\pmeibel\AppData\Local\Programs\MiKTeX\tex/generic/iftex\iftex.sty
Package: iftex 2024/12/12 v1.0g TeX engine tests
))
\Gm@cnth=\count286
\Gm@cntv=\count287
\c@Gm@tempcnt=\count288
\Gm@bindingoffset=\dimen150
\Gm@wd@mp=\dimen151
\Gm@odd@mp=\dimen152
\Gm@even@mp=\dimen153
\Gm@layoutwidth=\dimen154
\Gm@layoutheight=\dimen155
\Gm@layouthoffset=\dimen156
\Gm@layoutvoffset=\dimen157
\Gm@dimlist=\toks21
 (C:\Users\pmeibel\AppData\Local\Programs\MiKTeX\tex/latex/geometry\geometry.cfg)) (C:\Users\pmeibel\AppData\Local\Programs\MiKTeX\tex/latex/xcolor\xcolor.sty
Package: xcolor 2024/09/29 v3.02 LaTeX color extensions (UK)
 (C:\Users\pmeibel\AppData\Local\Programs\MiKTeX\tex/latex/graphics-cfg\color.cfg
File: color.cfg 2016/01/02 v1.6 sample color configuration
)
Package xcolor Info: Driver file: pdftex.def on input line 274.
 (C:\Users\pmeibel\AppData\Local\Programs\MiKTeX\tex/latex/graphics-def\pdftex.def
File: pdftex.def 2024/04/13 v1.2c Graphics/color driver for pdftex
) (C:\Users\pmeibel\AppData\Local\Programs\MiKTeX\tex/latex/graphics\mathcolor.ltx)
Package xcolor Info: Model `cmy' substituted by `cmy0' on input line 1349.
Package xcolor Info: Model `hsb' substituted by `rgb' on input line 1353.
Package xcolor Info: Model `RGB' extended on input line 1365.
Package xcolor Info: Model `HTML' substituted by `rgb' on input line 1367.
Package xcolor Info: Model `Hsb' substituted by `hsb' on input line 1368.
Package xcolor Info: Model `tHsb' substituted by `hsb' on input line 1369.
Package xcolor Info: Model `HSB' substituted by `hsb' on input line 1370.
Package xcolor Info: Model `Gray' substituted by `gray' on input line 1371.
Package xcolor Info: Model `wave' substituted by `hsb' on input line 1372.
) (C:\Users\pmeibel\AppData\Local\Programs\MiKTeX\tex/latex/graphics\graphicx.sty
Package: graphicx 2024/12/31 v1.2e Enhanced LaTeX Graphics (DPC,SPQR)
 (C:\Users\pmeibel\AppData\Local\Programs\MiKTeX\tex/latex/graphics\graphics.sty
Package: graphics 2024/08/06 v1.4g Standard LaTeX Graphics (DPC,SPQR)
 (C:\Users\pmeibel\AppData\Local\Programs\MiKTeX\tex/latex/graphics\trig.sty
Package: trig 2023/12/02 v1.11 sin cos tan (DPC)
) (C:\Users\pmeibel\AppData\Local\Programs\MiKTeX\tex/latex/graphics-cfg\graphics.cfg
File: graphics.cfg 2016/06/04 v1.11 sample graphics configuration
)
Package graphics Info: Driver file: pdftex.def on input line 106.
)
\Gin@req@height=\dimen158
\Gin@req@width=\dimen159
) (C:\Users\pmeibel\AppData\Local\Programs\MiKTeX\tex/latex/hyperref\hyperref.sty
Package: hyperref 2025-07-12 v7.01o Hypertext links for LaTeX
 (C:\Users\pmeibel\AppData\Local\Programs\MiKTeX\tex/latex/kvsetkeys\kvsetkeys.sty
Package: kvsetkeys 2022-10-05 v1.19 Key value parser (HO)
) (C:\Users\pmeibel\AppData\Local\Programs\MiKTeX\tex/generic/kvdefinekeys\kvdefinekeys.sty
Package: kvdefinekeys 2019-12-19 v1.6 Define keys (HO)
) (C:\Users\pmeibel\AppData\Local\Programs\MiKTeX\tex/generic/pdfescape\pdfescape.sty
Package: pdfescape 2019/12/09 v1.15 Implements pdfTeX's escape features (HO)
 (C:\Users\pmeibel\AppData\Local\Programs\MiKTeX\tex/generic/ltxcmds\ltxcmds.sty
Package: ltxcmds 2023-12-04 v1.26 LaTeX kernel commands for general use (HO)
) (C:\Users\pmeibel\AppData\Local\Programs\MiKTeX\tex/generic/pdftexcmds\pdftexcmds.sty
Package: pdftexcmds 2020-06-27 v0.33 Utility functions of pdfTeX for LuaTeX (HO)
 (C:\Users\pmeibel\AppData\Local\Programs\MiKTeX\tex/generic/infwarerr\infwarerr.sty
Package: infwarerr 2019/12/03 v1.5 Providing info/warning/error messages (HO)
)
Package pdftexcmds Info: \pdf@primitive is available.
Package pdftexcmds Info: \pdf@ifprimitive is available.
Package pdftexcmds Info: \pdfdraftmode found.
)) (C:\Users\pmeibel\AppData\Local\Programs\MiKTeX\tex/latex/hycolor\hycolor.sty
Package: hycolor 2020-01-27 v1.10 Color options for hyperref/bookmark (HO)
) (C:\Users\pmeibel\AppData\Local\Programs\MiKTeX\tex/latex/hyperref\nameref.sty
Package: nameref 2025-06-21 v2.57 Cross-referencing by name of section
 (C:\Users\pmeibel\AppData\Local\Programs\MiKTeX\tex/latex/refcount\refcount.sty
Package: refcount 2019/12/15 v3.6 Data extraction from label references (HO)
) (C:\Users\pmeibel\AppData\Local\Programs\MiKTeX\tex/generic/gettitlestring\gettitlestring.sty
Package: gettitlestring 2019/12/15 v1.6 Cleanup title references (HO)
 (C:\Users\pmeibel\AppData\Local\Programs\MiKTeX\tex/latex/kvoptions\kvoptions.sty
Package: kvoptions 2022-06-15 v3.15 Key value format for package options (HO)
))
\c@section@level=\count289
) (C:\Users\pmeibel\AppData\Local\Programs\MiKTeX\tex/latex/etoolbox\etoolbox.sty
Package: etoolbox 2025/02/11 v2.5l e-TeX tools for LaTeX (JAW)
\etb@tempcnta=\count290
) (C:\Users\pmeibel\AppData\Local\Programs\MiKTeX\tex/generic/stringenc\stringenc.sty
Package: stringenc 2019/11/29 v1.12 Convert strings between diff. encodings (HO)
)
\@linkdim=\dimen160
\Hy@linkcounter=\count291
\Hy@pagecounter=\count292
 (C:\Users\pmeibel\AppData\Local\Programs\MiKTeX\tex/latex/hyperref\pd1enc.def
File: pd1enc.def 2025-07-12 v7.01o Hyperref: PDFDocEncoding definition (HO)
Now handling font encoding PD1 ...
... no UTF-8 mapping file for font encoding PD1
) (C:\Users\pmeibel\AppData\Local\Programs\MiKTeX\tex/generic/intcalc\intcalc.sty
Package: intcalc 2019/12/15 v1.3 Expandable calculations with integers (HO)
)
\Hy@SavedSpaceFactor=\count293
 (C:\Users\pmeibel\AppData\Local\Programs\MiKTeX\tex/latex/hyperref\puenc.def
File: puenc.def 2025-07-12 v7.01o Hyperref: PDF Unicode definition (HO)
Now handling font encoding PU ...
... no UTF-8 mapping file for font encoding PU
)
Package hyperref Info: Hyper figures OFF on input line 4195.
Package hyperref Info: Link nesting OFF on input line 4200.
Package hyperref Info: Hyper index ON on input line 4203.
Package hyperref Info: Plain pages OFF on input line 4210.
Package hyperref Info: Backreferencing OFF on input line 4215.
Package hyperref Info: Implicit mode ON; LaTeX internals redefined.
Package hyperref Info: Bookmarks ON on input line 4462.
\c@Hy@tempcnt=\count294
 (C:\Users\pmeibel\AppData\Local\Programs\MiKTeX\tex/latex/url\url.sty
\Urlmuskip=\muskip17
Package: url 2013/09/16  ver 3.4  Verb mode for urls, etc.
)
LaTeX Info: Redefining \url on input line 4801.
\XeTeXLinkMargin=\dimen161
 (C:\Users\pmeibel\AppData\Local\Programs\MiKTeX\tex/generic/bitset\bitset.sty
Package: bitset 2019/12/09 v1.3 Handle bit-vector datatype (HO)
 (C:\Users\pmeibel\AppData\Local\Programs\MiKTeX\tex/generic/bigintcalc\bigintcalc.sty
Package: bigintcalc 2019/12/15 v1.5 Expandable calculations on big integers (HO)
))
\Fld@menulength=\count295
\Field@Width=\dimen162
\Fld@charsize=\dimen163
Package hyperref Info: Hyper figures OFF on input line 6078.
Package hyperref Info: Link nesting OFF on input line 6083.
Package hyperref Info: Hyper index ON on input line 6086.
Package hyperref Info: backreferencing OFF on input line 6093.
Package hyperref Info: Link coloring OFF on input line 6098.
Package hyperref Info: Link coloring with OCG OFF on input line 6103.
Package hyperref Info: PDF/A mode OFF on input line 6108.
\Hy@abspage=\count296
\c@Item=\count297
\c@Hfootnote=\count298
)
Package hyperref Info: Driver (autodetected): hpdftex.
 (C:\Users\pmeibel\AppData\Local\Programs\MiKTeX\tex/latex/hyperref\hpdftex.def
File: hpdftex.def 2025-07-12 v7.01o Hyperref driver for pdfTeX
\Fld@listcount=\count299
\c@bookmark@seq@number=\count300
 (C:\Users\pmeibel\AppData\Local\Programs\MiKTeX\tex/latex/rerunfilecheck\rerunfilecheck.sty
Package: rerunfilecheck 2025-06-21 v1.11 Rerun checks for auxiliary files (HO)
 (C:\Users\pmeibel\AppData\Local\Programs\MiKTeX\tex/generic/uniquecounter\uniquecounter.sty
Package: uniquecounter 2019/12/15 v1.4 Provide unlimited unique counter (HO)
)
Package uniquecounter Info: New unique counter `rerunfilecheck' on input line 284.
)
\Hy@SectionHShift=\skip51
) (C:\Users\pmeibel\AppData\Local\Programs\MiKTeX\tex/latex/listings\listings.sty
\lst@mode=\count301
\lst@gtempboxa=\box53
\lst@token=\toks22
\lst@length=\count302
\lst@currlwidth=\dimen164
\lst@column=\count303
\lst@pos=\count304
\lst@lostspace=\dimen165
\lst@width=\dimen166
\lst@newlines=\count305
\lst@lineno=\count306
\lst@maxwidth=\dimen167
 (C:\Users\pmeibel\AppData\Local\Programs\MiKTeX\tex/latex/listings\lstpatch.sty
File: lstpatch.sty 2024/09/23 1.10c (Carsten Heinz)
) (C:\Users\pmeibel\AppData\Local\Programs\MiKTeX\tex/latex/listings\lstmisc.sty
File: lstmisc.sty 2024/09/23 1.10c (Carsten Heinz)
\c@lstnumber=\count307
\lst@skipnumbers=\count308
\lst@framebox=\box54
) (C:\Users\pmeibel\AppData\Local\Programs\MiKTeX\tex/latex/listings\listings.cfg
File: listings.cfg 2024/09/23 1.10c listings configuration
))
Package: listings 2024/09/23 1.10c (Carsten Heinz)
 (C:\Users\pmeibel\AppData\Local\Programs\MiKTeX\tex/latex/booktabs\booktabs.sty
Package: booktabs 2020/01/12 v1.61803398 Publication quality tables
\heavyrulewidth=\dimen168
\lightrulewidth=\dimen169
\cmidrulewidth=\dimen170
\belowrulesep=\dimen171
\belowbottomsep=\dimen172
\aboverulesep=\dimen173
\abovetopsep=\dimen174
\cmidrulesep=\dimen175
\cmidrulekern=\dimen176
\defaultaddspace=\dimen177
\@cmidla=\count309
\@cmidlb=\count310
\@aboverulesep=\dimen178
\@belowrulesep=\dimen179
\@thisruleclass=\count311
\@lastruleclass=\count312
\@thisrulewidth=\dimen180
)
Package hyperref Info: Option `colorlinks' set `true' on input line 19.
 (C:\Users\pmeibel\AppData\Local\Programs\MiKTeX\tex/latex/l3backend\l3backend-pdftex.def
File: l3backend-pdftex.def 2025-06-09 L3 backend support: PDF output (pdfTeX)
\l__color_backend_stack_int=\count313
) (Modulos_Odoo_Web_Controllers.aux
LaTeX Info: Redefining \. on input line 11.
LaTeX Info: Redefining \% on input line 11.
Package babel Info: 'spanish' activates 'spanish' shorthands.
(babel)             Reported on input line 11.
)
\openout1 = `Modulos_Odoo_Web_Controllers.aux'.

LaTeX Font Info:    Checking defaults for OML/cmm/m/it on input line 37.
LaTeX Font Info:    ... okay on input line 37.
LaTeX Font Info:    Checking defaults for OMS/cmsy/m/n on input line 37.
LaTeX Font Info:    ... okay on input line 37.
LaTeX Font Info:    Checking defaults for OT1/cmr/m/n on input line 37.
LaTeX Font Info:    ... okay on input line 37.
LaTeX Font Info:    Checking defaults for T1/cmr/m/n on input line 37.
LaTeX Font Info:    ... okay on input line 37.
LaTeX Font Info:    Checking defaults for TS1/cmr/m/n on input line 37.
LaTeX Font Info:    ... okay on input line 37.
LaTeX Font Info:    Checking defaults for OMX/cmex/m/n on input line 37.
LaTeX Font Info:    ... okay on input line 37.
LaTeX Font Info:    Checking defaults for U/cmr/m/n on input line 37.
LaTeX Font Info:    ... okay on input line 37.
LaTeX Font Info:    Checking defaults for PD1/pdf/m/n on input line 37.
LaTeX Font Info:    ... okay on input line 37.
LaTeX Font Info:    Checking defaults for PU/pdf/m/n on input line 37.
LaTeX Font Info:    ... okay on input line 37.
LaTeX Info: Redefining \. on input line 37.
LaTeX Info: Redefining \% on input line 37.

*geometry* driver: auto-detecting
*geometry* detected driver: pdftex
*geometry* verbose mode - [ preamble ] result:
* driver: pdftex
* paper: a4paper
* layout: <same size as paper>
* layoutoffset:(h,v)=(0.0pt,0.0pt)
* modes: 
* h-part:(L,W,R)=(71.13188pt, 455.24411pt, 71.13188pt)
* v-part:(T,H,B)=(71.13188pt, 702.78308pt, 71.13188pt)
* \paperwidth=597.50787pt
* \paperheight=845.04684pt
* \textwidth=455.24411pt
* \textheight=702.78308pt
* \oddsidemargin=-1.1381pt
* \evensidemargin=-1.1381pt
* \topmargin=-38.1381pt
* \headheight=12.0pt
* \headsep=25.0pt
* \topskip=12.0pt
* \footskip=30.0pt
* \marginparwidth=35.0pt
* \marginparsep=10.0pt
* \columnsep=10.0pt
* \skip\footins=10.8pt plus 4.0pt minus 2.0pt
* \hoffset=0.0pt
* \voffset=0.0pt
* \mag=1000
* \@twocolumnfalse
* \@twosidefalse
* \@mparswitchfalse
* \@reversemarginfalse
* (1in=72.27pt=25.4mm, 1cm=28.453pt)

(C:\Users\pmeibel\AppData\Local\Programs\MiKTeX\tex/context/base/mkii\supp-pdf.mkii
[Loading MPS to PDF converter (version 2006.09.02).]
\scratchcounter=\count314
\scratchdimen=\dimen181
\scratchbox=\box55
\nofMPsegments=\count315
\nofMParguments=\count316
\everyMPshowfont=\toks23
\MPscratchCnt=\count317
\MPscratchDim=\dimen182
\MPnumerator=\count318
\makeMPintoPDFobject=\count319
\everyMPtoPDFconversion=\toks24
) (C:\Users\pmeibel\AppData\Local\Programs\MiKTeX\tex/latex/epstopdf-pkg\epstopdf-base.sty
Package: epstopdf-base 2020-01-24 v2.11 Base part for package epstopdf
Package epstopdf-base Info: Redefining graphics rule for `.eps' on input line 485.
 (C:\Users\pmeibel\AppData\Local\Programs\MiKTeX\tex/latex/00miktex\epstopdf-sys.cfg
File: epstopdf-sys.cfg 2021/03/18 v2.0 Configuration of epstopdf for MiKTeX
))
Package hyperref Info: Link coloring ON on input line 37.
 (Modulos_Odoo_Web_Controllers.out) (Modulos_Odoo_Web_Controllers.out)
\@outlinefile=\write3
\openout3 = `Modulos_Odoo_Web_Controllers.out'.

\c@lstlisting=\count320
<images/odoo_logo.png, id=75, 623.32875pt x 196.735pt>
File: images/odoo_logo.png Graphic file (type png)
<use images/odoo_logo.png>
Package pdftex.def Info: images/odoo_logo.png  used on input line 41.
(pdftex.def)             Requested size: 227.62206pt x 71.84218pt.


[1

{C:/Users/pmeibel/AppData/Local/MiKTeX/fonts/map/pdftex/pdftex.map} <./images/odoo_logo.png>] (Modulos_Odoo_Web_Controllers.toc
LaTeX Info: Redefining \. on input line 1.
LaTeX Info: Redefining \% on input line 1.
LaTeX Font Info:    External font `cmex10' loaded for size
(Font)              <12> on input line 3.
LaTeX Font Info:    External font `cmex10' loaded for size
(Font)              <8> on input line 3.
LaTeX Font Info:    External font `cmex10' loaded for size
(Font)              <6> on input line 3.
)
\tf@toc=\write4
\openout4 = `Modulos_Odoo_Web_Controllers.toc'.




pdfTeX warning (ext4): destination with the same identifier (name{page.1}) has been already used, duplicate ignored
<to be read again> 
                   \relax 
l.58 \newpage
              [1]
<images/codigo_puntuacion.png, id=106, 1365.1pt x 1854.93pt>
File: images/codigo_puntuacion.png Graphic file (type png)
<use images/codigo_puntuacion.png>
Package pdftex.def Info: images/codigo_puntuacion.png  used on input line 70.
(pdftex.def)             Requested size: 364.19667pt x 494.86568pt.


[2 <./images/codigo_puntuacion.png>]
<images/tabla_puntuacion.png, id=114, 1440.13031pt x 479.54156pt>
File: images/tabla_puntuacion.png Graphic file (type png)
<use images/tabla_puntuacion.png>
Package pdftex.def Info: images/tabla_puntuacion.png  used on input line 81.
(pdftex.def)             Requested size: 455.24411pt x 151.58322pt.
<images/creacion_partido_puntos.png, id=115, 1443.89438pt x 183.68625pt>
File: images/creacion_partido_puntos.png Graphic file (type png)
<use images/creacion_partido_puntos.png>
Package pdftex.def Info: images/creacion_partido_puntos.png  used on input line 91.
(pdftex.def)             Requested size: 455.24411pt x 57.91472pt.
<images/tabla_puntuacion2.png, id=116, 1443.89438pt x 470.50781pt>
File: images/tabla_puntuacion2.png Graphic file (type png)
<use images/tabla_puntuacion2.png>
Package pdftex.def Info: images/tabla_puntuacion2.png  used on input line 101.
(pdftex.def)             Requested size: 455.24411pt x 148.34714pt.


[3 <./images/tabla_puntuacion.png> <./images/creacion_partido_puntos.png> <./images/tabla_puntuacion2.png>]
<images/codigo_sumar_goles.png, id=124, 1365.1pt x 461.725pt>
File: images/codigo_sumar_goles.png Graphic file (type png)
<use images/codigo_sumar_goles.png>
Package pdftex.def Info: images/codigo_sumar_goles.png  used on input line 114.
(pdftex.def)             Requested size: 455.24411pt x 153.97606pt.
<images/resultados_puntos.png, id=125, 718.18312pt x 234.8775pt>
File: images/resultados_puntos.png Graphic file (type png)
<use images/resultados_puntos.png>
Package pdftex.def Info: images/resultados_puntos.png  used on input line 124.
(pdftex.def)             Requested size: 455.24411pt x 148.8875pt.
<images/botones_sumar.png, id=126, 719.68875pt x 191.9672pt>
File: images/botones_sumar.png Graphic file (type png)
<use images/botones_sumar.png>
Package pdftex.def Info: images/botones_sumar.png  used on input line 134.
(pdftex.def)             Requested size: 455.24411pt x 121.435pt.


[4 <./images/codigo_sumar_goles.png> <./images/resultados_puntos.png> <./images/botones_sumar.png>]
<images/resultados_puntos2.png, id=134, 715.17188pt x 243.91125pt>
File: images/resultados_puntos2.png Graphic file (type png)
<use images/resultados_puntos2.png>
Package pdftex.def Info: images/resultados_puntos2.png  used on input line 144.
(pdftex.def)             Requested size: 455.24411pt x 155.26154pt.
<images/tabla_puntuacion3.png, id=135, 1443.14156pt x 475.02469pt>
File: images/tabla_puntuacion3.png Graphic file (type png)
<use images/tabla_puntuacion3.png>
Package pdftex.def Info: images/tabla_puntuacion3.png  used on input line 154.
(pdftex.def)             Requested size: 455.24411pt x 149.84377pt.


[5 <./images/resultados_puntos2.png> <./images/tabla_puntuacion3.png>]
<images/codigo_empate.png, id=142, 1365.1pt x 670.505pt>
File: images/codigo_empate.png Graphic file (type png)
<use images/codigo_empate.png>
Package pdftex.def Info: images/codigo_empate.png  used on input line 168.
(pdftex.def)             Requested size: 364.19667pt x 178.88pt.
<images/con_empate.png, id=143, 718.93594pt x 162.6075pt>
File: images/con_empate.png Graphic file (type png)
<use images/con_empate.png>
Package pdftex.def Info: images/con_empate.png  used on input line 178.
(pdftex.def)             Requested size: 455.24411pt x 102.96927pt.
<images/borrar_empate.png, id=144, 331.99031pt x 57.21375pt>
File: images/borrar_empate.png Graphic file (type png)
<use images/borrar_empate.png>
Package pdftex.def Info: images/borrar_empate.png  used on input line 189.
(pdftex.def)             Requested size: 455.24411pt x 78.45915pt.
<images/sin_empate.png, id=145, 496.85625pt x 179.92218pt>
File: images/sin_empate.png Graphic file (type png)
<use images/sin_empate.png>
Package pdftex.def Info: images/sin_empate.png  used on input line 199.
(pdftex.def)             Requested size: 455.24411pt x 164.85504pt.


[6 <./images/codigo_empate.png> <./images/con_empate.png> <./images/borrar_empate.png>]

[7 <./images/sin_empate.png>]

[8]
<images/codigo_wizard.png, id=163, 1365.1pt x 1015.795pt>
File: images/codigo_wizard.png Graphic file (type png)
<use images/codigo_wizard.png>
Package pdftex.def Info: images/codigo_wizard.png  used on input line 220.
(pdftex.def)             Requested size: 364.19667pt x 270.99786pt.
<images/codigo_wizard_xml.png, id=164, 1365.1pt x 1750.54pt>
File: images/codigo_wizard_xml.png Graphic file (type png)
<use images/codigo_wizard_xml.png>
Package pdftex.def Info: images/codigo_wizard_xml.png  used on input line 230.
(pdftex.def)             Requested size: 364.19667pt x 467.01608pt.


[9 <./images/codigo_wizard.png>]
<images/boton_wizard.png, id=170, 516.42938pt x 162.6075pt>
File: images/boton_wizard.png Graphic file (type png)
<use images/boton_wizard.png>
Package pdftex.def Info: images/boton_wizard.png  used on input line 241.
(pdftex.def)             Requested size: 455.24411pt x 143.34811pt.


[10 <./images/codigo_wizard_xml.png> <./images/boton_wizard.png>]
<images/wizard_funcionando.png, id=177, 697.10437pt x 289.08pt>
File: images/wizard_funcionando.png Graphic file (type png)
<use images/wizard_funcionando.png>
Package pdftex.def Info: images/wizard_funcionando.png  used on input line 251.
(pdftex.def)             Requested size: 455.24411pt x 188.78197pt.


[11 <./images/wizard_funcionando.png>]
<images/codigo_graph.png, id=183, 1365.1pt x 499.8675pt>
File: images/codigo_graph.png Graphic file (type png)
<use images/codigo_graph.png>
Package pdftex.def Info: images/codigo_graph.png  used on input line 265.
(pdftex.def)             Requested size: 364.19667pt x 133.35664pt.
<images/codigo_graph2.png, id=184, 1365.1pt x 152.57pt>
File: images/codigo_graph2.png Graphic file (type png)
<use images/codigo_graph2.png>
Package pdftex.def Info: images/codigo_graph2.png  used on input line 275.
(pdftex.def)             Requested size: 455.24411pt x 50.87904pt.
<images/vista_graph.png, id=185, 714.41907pt x 703.12688pt>
File: images/vista_graph.png Graphic file (type png)
<use images/vista_graph.png>
Package pdftex.def Info: images/vista_graph.png  used on input line 285.
(pdftex.def)             Requested size: 455.24411pt x 448.04701pt.


[12 <./images/codigo_graph.png> <./images/codigo_graph2.png>]

[13 <./images/vista_graph.png>]
<images/creacion_bot.png, id=198, 480.29437pt x 548.0475pt>
File: images/creacion_bot.png Graphic file (type png)
<use images/creacion_bot.png>
Package pdftex.def Info: images/creacion_bot.png  used on input line 307.
(pdftex.def)             Requested size: 364.19667pt x 415.57545pt.


[14 <./images/creacion_bot.png>]
<images/creacion_entorno.png, id=204, 435.87843pt x 18.82031pt>
File: images/creacion_entorno.png Graphic file (type png)
<use images/creacion_entorno.png>
Package pdftex.def Info: images/creacion_entorno.png  used on input line 322.
(pdftex.def)             Requested size: 455.24411pt x 19.6565pt.
<images/instalacion_bot.png, id=205, 557.83406pt x 26.34843pt>
File: images/instalacion_bot.png Graphic file (type png)
<use images/instalacion_bot.png>
Package pdftex.def Info: images/instalacion_bot.png  used on input line 332.
(pdftex.def)             Requested size: 455.24411pt x 21.50331pt.


[15 <./images/creacion_entorno.png> <./images/instalacion_bot.png>]
<images/codigo_token.png, id=212, 1365.1pt x 188.705pt>
File: images/codigo_token.png Graphic file (type png)
<use images/codigo_token.png>
Package pdftex.def Info: images/codigo_token.png  used on input line 346.
(pdftex.def)             Requested size: 364.19667pt x 50.34346pt.
<images/codigo_bot.png, id=213, 1365.1pt x 708.6475pt>
File: images/codigo_bot.png Graphic file (type png)
<use images/codigo_bot.png>
Package pdftex.def Info: images/codigo_bot.png  used on input line 356.
(pdftex.def)             Requested size: 364.19667pt x 189.05582pt.
<images/codigo_botFinal.png, id=214, 1365.1pt x 1923.185pt>
File: images/codigo_botFinal.png Graphic file (type png)
<use images/codigo_botFinal.png>
Package pdftex.def Info: images/codigo_botFinal.png  used on input line 366.
(pdftex.def)             Requested size: 364.19667pt x 513.07501pt.


[16 <./images/codigo_token.png> <./images/codigo_bot.png>]

[17 <./images/codigo_botFinal.png>]
<images/iniciarBot.png, id=226, 441.14813pt x 31.61812pt>
File: images/iniciarBot.png Graphic file (type png)
<use images/iniciarBot.png>
Package pdftex.def Info: images/iniciarBot.png  used on input line 379.
(pdftex.def)             Requested size: 455.24411pt x 32.62973pt.
<images/botIniciado.png, id=227, 481.04718pt x 44.41594pt>
File: images/botIniciado.png Graphic file (type png)
<use images/botIniciado.png>
Package pdftex.def Info: images/botIniciado.png  used on input line 389.
(pdftex.def)             Requested size: 455.24411pt x 42.03426pt.
<images/comandoBot1.png, id=228, 813.0375pt x 439.6425pt>
File: images/comandoBot1.png Graphic file (type png)
<use images/comandoBot1.png>
Package pdftex.def Info: images/comandoBot1.png  used on input line 399.
(pdftex.def)             Requested size: 364.19667pt x 196.93166pt.
<images/botPrueba1.png, id=229, 722.7pt x 213.79875pt>
File: images/botPrueba1.png Graphic file (type png)
<use images/botPrueba1.png>
Package pdftex.def Info: images/botPrueba1.png  used on input line 409.
(pdftex.def)             Requested size: 455.24411pt x 134.6776pt.


[18 <./images/iniciarBot.png> <./images/botIniciado.png> <./images/comandoBot1.png> <./images/botPrueba1.png>]
<images/comandoBot2.png, id=239, 813.0375pt x 432.86719pt>
File: images/comandoBot2.png Graphic file (type png)
<use images/comandoBot2.png>
Package pdftex.def Info: images/comandoBot2.png  used on input line 419.
(pdftex.def)             Requested size: 364.19667pt x 193.89674pt.
<images/botPrueba2.png, id=240, 718.93594pt x 211.54031pt>
File: images/botPrueba2.png Graphic file (type png)
<use images/botPrueba2.png>
Package pdftex.def Info: images/botPrueba2.png  used on input line 429.
(pdftex.def)             Requested size: 455.24411pt x 133.95538pt.
<images/comandoBot3.png, id=241, 813.0375pt x 392.96812pt>
File: images/comandoBot3.png Graphic file (type png)
<use images/comandoBot3.png>
Package pdftex.def Info: images/comandoBot3.png  used on input line 439.
(pdftex.def)             Requested size: 364.19667pt x 176.02452pt.


[19 <./images/comandoBot2.png> <./images/botPrueba2.png> <./images/comandoBot3.png>]
<images/botPrueba3.png, id=249, 719.68875pt x 212.29312pt>
File: images/botPrueba3.png Graphic file (type png)
<use images/botPrueba3.png>
Package pdftex.def Info: images/botPrueba3.png  used on input line 449.
(pdftex.def)             Requested size: 455.24411pt x 134.29282pt.
<images/comandoBot4.png, id=250, 813.0375pt x 427.5975pt>
File: images/comandoBot4.png Graphic file (type png)
<use images/comandoBot4.png>
Package pdftex.def Info: images/comandoBot4.png  used on input line 459.
(pdftex.def)             Requested size: 364.19667pt x 191.53627pt.
<images/comandoBot5.png, id=251, 1084.05pt x 421.575pt>
File: images/comandoBot5.png Graphic file (type png)
<use images/comandoBot5.png>
Package pdftex.def Info: images/comandoBot5.png  used on input line 469.
(pdftex.def)             Requested size: 364.19667pt x 141.62892pt.


[20 <./images/botPrueba3.png> <./images/comandoBot4.png> <./images/comandoBot5.png>]
<images/contenedores.png, id=258, 751.30687pt x 57.21375pt>
File: images/contenedores.png Graphic file (type png)
<use images/contenedores.png>
Package pdftex.def Info: images/contenedores.png  used on input line 487.
(pdftex.def)             Requested size: 455.24411pt x 34.66809pt.
<images/bash.png, id=259, 521.69907pt x 13.55063pt>
File: images/bash.png Graphic file (type png)
<use images/bash.png>
Package pdftex.def Info: images/bash.png  used on input line 497.
(pdftex.def)             Requested size: 455.24411pt x 11.8247pt.
<images/librerias.png, id=260, 271.0125pt x 125.71968pt>
File: images/librerias.png Graphic file (type png)
<use images/librerias.png>
Package pdftex.def Info: images/librerias.png  used on input line 507.
(pdftex.def)             Requested size: 455.24411pt x 211.19034pt.
<images/actualizar.png, id=261, 495.35063pt x 129.48375pt>
File: images/actualizar.png Graphic file (type png)
<use images/actualizar.png>
Package pdftex.def Info: images/actualizar.png  used on input line 517.
(pdftex.def)             Requested size: 455.24411pt x 119.00003pt.


[21 <./images/contenedores.png> <./images/bash.png> <./images/librerias.png>]
<images/instalacion_python.png, id=269, 371.88937pt x 51.19125pt>
File: images/instalacion_python.png Graphic file (type png)
<use images/instalacion_python.png>
Package pdftex.def Info: images/instalacion_python.png  used on input line 527.
(pdftex.def)             Requested size: 455.24411pt x 62.66724pt.
<images/activar_modulo.png, id=270, 289.83281pt x 90.3375pt>
File: images/activar_modulo.png Graphic file (type png)
<use images/activar_modulo.png>
Package pdftex.def Info: images/activar_modulo.png  used on input line 537.
(pdftex.def)             Requested size: 364.19667pt x 113.52257pt.


[22 <./images/actualizar.png> <./images/instalacion_python.png> <./images/activar_modulo.png>]
<images/barras.png, id=278, 393.72093pt x 213.04594pt>
File: images/barras.png Graphic file (type png)
<use images/barras.png>
Package pdftex.def Info: images/barras.png  used on input line 550.
(pdftex.def)             Requested size: 455.24411pt x 246.337pt.


[23 <./images/barras.png>]
<images/codigo_imagen.png, id=284, 1365.1pt x 1784.6675pt>
File: images/codigo_imagen.png Graphic file (type png)
<use images/codigo_imagen.png>
Package pdftex.def Info: images/codigo_imagen.png  used on input line 566.
(pdftex.def)             Requested size: 364.19667pt x 476.12076pt.
<images/imagen.png, id=285, 386.94562pt x 277.78781pt>
File: images/imagen.png Graphic file (type png)
<use images/imagen.png>
Package pdftex.def Info: images/imagen.png  used on input line 577.
(pdftex.def)             Requested size: 455.24411pt x 326.82457pt.


[24 <./images/codigo_imagen.png>]

[25 <./images/imagen.png>]
<images/error_pdf.png, id=297, 612.03656pt x 176.91093pt>
File: images/error_pdf.png Graphic file (type png)
<use images/error_pdf.png>
Package pdftex.def Info: images/error_pdf.png  used on input line 593.
(pdftex.def)             Requested size: 455.24411pt x 131.58958pt.


[26 <./images/error_pdf.png>]

[27] (Modulos_Odoo_Web_Controllers.aux
LaTeX Info: Redefining \. on input line 11.
LaTeX Info: Redefining \% on input line 11.
)
 ***********
LaTeX2e <2025-06-01> patch level 1
L3 programming layer <2025-09-02>
 ***********
Package rerunfilecheck Info: File `Modulos_Odoo_Web_Controllers.out' has not changed.
(rerunfilecheck)             Checksum: 90EDB75B597C72225B621DC23336FB95;4080.
 ) 
Here is how much of TeX's memory you used:
 12679 strings out of 468130
 204365 string characters out of 5429665
 628323 words of memory out of 5000000
 41129 multiletter control sequences out of 15000+600000
 631854 words of font info for 57 fonts, out of 8000000 for 9000
 1141 hyphenation exceptions out of 8191
 75i,5n,79p,461b,563s stack positions out of 10000i,1000n,20000p,200000b,200000s
<C:/Users/pmeibel/AppData/Local/Programs/MiKTeX/fonts/type1/public/amsfonts/cm/cmbx12.pfb><C:/Users/pmeibel/AppData/Local/Programs/MiKTeX/fonts/type1/public/amsfonts/cm/cmr12.pfb><C:/Users/pmeibel/AppData/Local/Programs/MiKTeX/fonts/type1/public/amsfonts/cm/cmtt12.pfb>
Output written on Modulos_Odoo_Web_Controllers.pdf (28 pages, 3500744 bytes).
PDF statistics:
 334 PDF objects out of 1000 (max. 8388607)
 47 named destinations out of 1000 (max. 500000)
 380 words of extra memory for PDF output out of 10000 (max. 10000000)

