<<<<<<< HEAD
This is pdfTeX, Version 3.141592653-2.6-1.40.27 (MiKTeX 25.4) (preloaded format=pdflatex 2025.10.7)  15 DEC 2025 18:47
=======
This is pdfTeX, Version 3.141592653-2.6-1.40.27 (MiKTeX 25.4) (preloaded format=pdflatex 2025.10.20)  15 DEC 2025 21:20
>>>>>>> c03af82f4a996d2494b8ec284fcecdf1fbe47db9
entering extended mode
 restricted \write18 enabled.
 file:line:error style messages enabled.
 %&-line parsing enabled.
**c:/Users/pedro/Desktop/a/traballo/SGE_Docker/ERP_Odoo/Practica_4/Modulos_Odoo_Modelo_Vista.tex
(c:/Users/pedro/Desktop/a/traballo/SGE_Docker/ERP_Odoo/Practica_4/Modulos_Odoo_Modelo_Vista.tex
LaTeX2e <2025-06-01> patch level 1
L3 programming layer <2025-09-02>
(C:\Users\pedro\AppData\Local\Programs\MiKTeX\tex/latex/base\article.cls
Document Class: article 2025/01/22 v1.4n Standard LaTeX document class
(C:\Users\pedro\AppData\Local\Programs\MiKTeX\tex/latex/base\size12.clo
File: size12.clo 2025/01/22 v1.4n Standard LaTeX file (size option)
)
\c@part=\count275
\c@section=\count276
\c@subsection=\count277
\c@subsubsection=\count278
\c@paragraph=\count279
\c@subparagraph=\count280
\c@figure=\count281
\c@table=\count282
\abovecaptionskip=\skip49
\belowcaptionskip=\skip50
\bibindent=\dimen148
) (C:\Users\pedro\AppData\Local\Programs\MiKTeX\tex/latex/base\inputenc.sty
Package: inputenc 2024/02/08 v1.3d Input encoding file
\inpenc@prehook=\toks17
\inpenc@posthook=\toks18
) (C:\Users\pedro\AppData\Local\Programs\MiKTeX\tex/generic/babel\babel.sty
Package: babel 2025/10/01 v25.13 The multilingual framework for LuaLaTeX, pdfLaTeX and XeLaTeX
\babel@savecnt=\count283
LaTeX Encoding Info:    Redeclaring text command \ij (encoding OT1) on input line 2045.
LaTeX Encoding Info:    Redeclaring text command \IJ (encoding OT1) on input line 2047.
LaTeX Encoding Info:    Redeclaring text command \ij (encoding T1) on input line 2049.
LaTeX Encoding Info:    Redeclaring text command \IJ (encoding T1) on input line 2050.
LaTeX Encoding Info:    Ignoring declaration for text command \ij (encoding ?) on input line 2051.
LaTeX Encoding Info:    Ignoring declaration for text command \IJ (encoding ?) on input line 2053.
LaTeX Encoding Info:    Ignoring declaration for text command \SS (encoding ?) on input line 2078.
\U@D=\dimen149
\l@unhyphenated=\language79
 (C:\Users\pedro\AppData\Local\Programs\MiKTeX\tex/generic/babel\txtbabel.def)
\bbl@readstream=\read2
\bbl@dirlevel=\count284

*************************************
* Local config file bblopts.cfg used
*
(C:\Users\pedro\AppData\Local\Programs\MiKTeX\tex/latex/arabi\bblopts.cfg
File: bblopts.cfg 2005/09/08 v0.1 add Arabic and Farsi to "declared" options of babel
) (C:\Users\pedro\AppData\Local\Programs\MiKTeX\tex/latex/babel-spanish\spanish.ldf
Language: spanish.ldf 2021/05/27 v5.0q Spanish support from the babel system
 (C:\Users\pedro\AppData\Local\Programs\MiKTeX\tex/generic/babel/locale/es\babel-spanish.tex
Package babel Info: Importing font and identification data for spanish
(babel)             from babel-es.ini. Reported on input line 12.
)
\es@quottoks=\toks19
\es@quotdepth=\count285
Package babel Info: Making " an active character on input line 570.
Package babel Info: Making . an active character on input line 675.
Package babel Info: Making < an active character on input line 722.
Package babel Info: Making > an active character on input line 722.
))
LaTeX Encoding Info:    Redeclaring text command \guillemotleft (encoding OT1) on input line 5.
LaTeX Encoding Info:    Redeclaring text command \guillemotright (encoding OT1) on input line 5.
 (C:\Users\pedro\AppData\Local\Programs\MiKTeX\tex/latex/geometry\geometry.sty
Package: geometry 2020/01/02 v5.9 Page Geometry
 (C:\Users\pedro\AppData\Local\Programs\MiKTeX\tex/latex/graphics\keyval.sty
Package: keyval 2022/05/29 v1.15 key=value parser (DPC)
\KV@toks@=\toks20
) (C:\Users\pedro\AppData\Local\Programs\MiKTeX\tex/generic/iftex\ifvtex.sty
Package: ifvtex 2019/10/25 v1.7 ifvtex legacy package. Use iftex instead.
 (C:\Users\pedro\AppData\Local\Programs\MiKTeX\tex/generic/iftex\iftex.sty
Package: iftex 2024/12/12 v1.0g TeX engine tests
))
\Gm@cnth=\count286
\Gm@cntv=\count287
\c@Gm@tempcnt=\count288
\Gm@bindingoffset=\dimen150
\Gm@wd@mp=\dimen151
\Gm@odd@mp=\dimen152
\Gm@even@mp=\dimen153
\Gm@layoutwidth=\dimen154
\Gm@layoutheight=\dimen155
\Gm@layouthoffset=\dimen156
\Gm@layoutvoffset=\dimen157
\Gm@dimlist=\toks21
 (C:\Users\pedro\AppData\Local\Programs\MiKTeX\tex/latex/geometry\geometry.cfg)) (C:\Users\pedro\AppData\Local\Programs\MiKTeX\tex/latex/xcolor\xcolor.sty
Package: xcolor 2024/09/29 v3.02 LaTeX color extensions (UK)
 (C:\Users\pedro\AppData\Local\Programs\MiKTeX\tex/latex/graphics-cfg\color.cfg
File: color.cfg 2016/01/02 v1.6 sample color configuration
)
Package xcolor Info: Driver file: pdftex.def on input line 274.
 (C:\Users\pedro\AppData\Local\Programs\MiKTeX\tex/latex/graphics-def\pdftex.def
File: pdftex.def 2025/09/29 v1.2d Graphics/color driver for pdftex
) (C:\Users\pedro\AppData\Local\Programs\MiKTeX\tex/latex/graphics\mathcolor.ltx)
Package xcolor Info: Model `cmy' substituted by `cmy0' on input line 1349.
Package xcolor Info: Model `hsb' substituted by `rgb' on input line 1353.
Package xcolor Info: Model `RGB' extended on input line 1365.
Package xcolor Info: Model `HTML' substituted by `rgb' on input line 1367.
Package xcolor Info: Model `Hsb' substituted by `hsb' on input line 1368.
Package xcolor Info: Model `tHsb' substituted by `hsb' on input line 1369.
Package xcolor Info: Model `HSB' substituted by `hsb' on input line 1370.
Package xcolor Info: Model `Gray' substituted by `gray' on input line 1371.
Package xcolor Info: Model `wave' substituted by `hsb' on input line 1372.
) (C:\Users\pedro\AppData\Local\Programs\MiKTeX\tex/latex/graphics\graphicx.sty
Package: graphicx 2024/12/31 v1.2e Enhanced LaTeX Graphics (DPC,SPQR)
 (C:\Users\pedro\AppData\Local\Programs\MiKTeX\tex/latex/graphics\graphics.sty
Package: graphics 2024/08/06 v1.4g Standard LaTeX Graphics (DPC,SPQR)
 (C:\Users\pedro\AppData\Local\Programs\MiKTeX\tex/latex/graphics\trig.sty
Package: trig 2023/12/02 v1.11 sin cos tan (DPC)
) (C:\Users\pedro\AppData\Local\Programs\MiKTeX\tex/latex/graphics-cfg\graphics.cfg
File: graphics.cfg 2016/06/04 v1.11 sample graphics configuration
)
Package graphics Info: Driver file: pdftex.def on input line 106.
)
\Gin@req@height=\dimen158
\Gin@req@width=\dimen159
) (C:\Users\pedro\AppData\Local\Programs\MiKTeX\tex/latex/hyperref\hyperref.sty
Package: hyperref 2025-07-12 v7.01o Hypertext links for LaTeX
 (C:\Users\pedro\AppData\Local\Programs\MiKTeX\tex/latex/kvsetkeys\kvsetkeys.sty
Package: kvsetkeys 2022-10-05 v1.19 Key value parser (HO)
) (C:\Users\pedro\AppData\Local\Programs\MiKTeX\tex/generic/kvdefinekeys\kvdefinekeys.sty
Package: kvdefinekeys 2019-12-19 v1.6 Define keys (HO)
) (C:\Users\pedro\AppData\Local\Programs\MiKTeX\tex/generic/pdfescape\pdfescape.sty
Package: pdfescape 2019/12/09 v1.15 Implements pdfTeX's escape features (HO)
 (C:\Users\pedro\AppData\Local\Programs\MiKTeX\tex/generic/ltxcmds\ltxcmds.sty
Package: ltxcmds 2023-12-04 v1.26 LaTeX kernel commands for general use (HO)
) (C:\Users\pedro\AppData\Local\Programs\MiKTeX\tex/generic/pdftexcmds\pdftexcmds.sty
Package: pdftexcmds 2020-06-27 v0.33 Utility functions of pdfTeX for LuaTeX (HO)
 (C:\Users\pedro\AppData\Local\Programs\MiKTeX\tex/generic/infwarerr\infwarerr.sty
Package: infwarerr 2019/12/03 v1.5 Providing info/warning/error messages (HO)
)
Package pdftexcmds Info: \pdf@primitive is available.
Package pdftexcmds Info: \pdf@ifprimitive is available.
Package pdftexcmds Info: \pdfdraftmode found.
)) (C:\Users\pedro\AppData\Local\Programs\MiKTeX\tex/latex/hycolor\hycolor.sty
Package: hycolor 2020-01-27 v1.10 Color options for hyperref/bookmark (HO)
) (C:\Users\pedro\AppData\Local\Programs\MiKTeX\tex/latex/hyperref\nameref.sty
Package: nameref 2025-06-21 v2.57 Cross-referencing by name of section
 (C:\Users\pedro\AppData\Local\Programs\MiKTeX\tex/latex/refcount\refcount.sty
Package: refcount 2019/12/15 v3.6 Data extraction from label references (HO)
) (C:\Users\pedro\AppData\Local\Programs\MiKTeX\tex/generic/gettitlestring\gettitlestring.sty
Package: gettitlestring 2019/12/15 v1.6 Cleanup title references (HO)
 (C:\Users\pedro\AppData\Local\Programs\MiKTeX\tex/latex/kvoptions\kvoptions.sty
Package: kvoptions 2022-06-15 v3.15 Key value format for package options (HO)
))
\c@section@level=\count289
) (C:\Users\pedro\AppData\Local\Programs\MiKTeX\tex/latex/etoolbox\etoolbox.sty
Package: etoolbox 2025/10/02 v2.5m e-TeX tools for LaTeX (JAW)
\etb@tempcnta=\count290
) (C:\Users\pedro\AppData\Local\Programs\MiKTeX\tex/generic/stringenc\stringenc.sty
Package: stringenc 2019/11/29 v1.12 Convert strings between diff. encodings (HO)
)
\@linkdim=\dimen160
\Hy@linkcounter=\count291
\Hy@pagecounter=\count292
 (C:\Users\pedro\AppData\Local\Programs\MiKTeX\tex/latex/hyperref\pd1enc.def
File: pd1enc.def 2025-07-12 v7.01o Hyperref: PDFDocEncoding definition (HO)
Now handling font encoding PD1 ...
... no UTF-8 mapping file for font encoding PD1
) (C:\Users\pedro\AppData\Local\Programs\MiKTeX\tex/generic/intcalc\intcalc.sty
Package: intcalc 2019/12/15 v1.3 Expandable calculations with integers (HO)
)
\Hy@SavedSpaceFactor=\count293
 (C:\Users\pedro\AppData\Local\Programs\MiKTeX\tex/latex/hyperref\puenc.def
File: puenc.def 2025-07-12 v7.01o Hyperref: PDF Unicode definition (HO)
Now handling font encoding PU ...
... no UTF-8 mapping file for font encoding PU
)
Package hyperref Info: Hyper figures OFF on input line 4195.
Package hyperref Info: Link nesting OFF on input line 4200.
Package hyperref Info: Hyper index ON on input line 4203.
Package hyperref Info: Plain pages OFF on input line 4210.
Package hyperref Info: Backreferencing OFF on input line 4215.
Package hyperref Info: Implicit mode ON; LaTeX internals redefined.
Package hyperref Info: Bookmarks ON on input line 4462.
\c@Hy@tempcnt=\count294
 (C:\Users\pedro\AppData\Local\Programs\MiKTeX\tex/latex/url\url.sty
\Urlmuskip=\muskip17
Package: url 2013/09/16  ver 3.4  Verb mode for urls, etc.
)
LaTeX Info: Redefining \url on input line 4801.
\XeTeXLinkMargin=\dimen161
 (C:\Users\pedro\AppData\Local\Programs\MiKTeX\tex/generic/bitset\bitset.sty
Package: bitset 2019/12/09 v1.3 Handle bit-vector datatype (HO)
 (C:\Users\pedro\AppData\Local\Programs\MiKTeX\tex/generic/bigintcalc\bigintcalc.sty
Package: bigintcalc 2019/12/15 v1.5 Expandable calculations on big integers (HO)
))
\Fld@menulength=\count295
\Field@Width=\dimen162
\Fld@charsize=\dimen163
Package hyperref Info: Hyper figures OFF on input line 6078.
Package hyperref Info: Link nesting OFF on input line 6083.
Package hyperref Info: Hyper index ON on input line 6086.
Package hyperref Info: backreferencing OFF on input line 6093.
Package hyperref Info: Link coloring OFF on input line 6098.
Package hyperref Info: Link coloring with OCG OFF on input line 6103.
Package hyperref Info: PDF/A mode OFF on input line 6108.
\Hy@abspage=\count296
\c@Item=\count297
\c@Hfootnote=\count298
)
Package hyperref Info: Driver (autodetected): hpdftex.
 (C:\Users\pedro\AppData\Local\Programs\MiKTeX\tex/latex/hyperref\hpdftex.def
File: hpdftex.def 2025-07-12 v7.01o Hyperref driver for pdfTeX
\Fld@listcount=\count299
\c@bookmark@seq@number=\count300
 (C:\Users\pedro\AppData\Local\Programs\MiKTeX\tex/latex/rerunfilecheck\rerunfilecheck.sty
Package: rerunfilecheck 2025-06-21 v1.11 Rerun checks for auxiliary files (HO)
 (C:\Users\pedro\AppData\Local\Programs\MiKTeX\tex/generic/uniquecounter\uniquecounter.sty
Package: uniquecounter 2019/12/15 v1.4 Provide unlimited unique counter (HO)
)
Package uniquecounter Info: New unique counter `rerunfilecheck' on input line 284.
)
\Hy@SectionHShift=\skip51
) (C:\Users\pedro\AppData\Local\Programs\MiKTeX\tex/latex/listings\listings.sty
\lst@mode=\count301
\lst@gtempboxa=\box53
\lst@token=\toks22
\lst@length=\count302
\lst@currlwidth=\dimen164
\lst@column=\count303
\lst@pos=\count304
\lst@lostspace=\dimen165
\lst@width=\dimen166
\lst@newlines=\count305
\lst@lineno=\count306
\lst@maxwidth=\dimen167
 (C:\Users\pedro\AppData\Local\Programs\MiKTeX\tex/latex/listings\lstpatch.sty
File: lstpatch.sty 2024/09/23 1.10c (Carsten Heinz)
) (C:\Users\pedro\AppData\Local\Programs\MiKTeX\tex/latex/listings\lstmisc.sty
File: lstmisc.sty 2024/09/23 1.10c (Carsten Heinz)
\c@lstnumber=\count307
\lst@skipnumbers=\count308
\lst@framebox=\box54
) (C:\Users\pedro\AppData\Local\Programs\MiKTeX\tex/latex/listings\listings.cfg
File: listings.cfg 2024/09/23 1.10c listings configuration
))
Package: listings 2024/09/23 1.10c (Carsten Heinz)
 (C:\Users\pedro\AppData\Local\Programs\MiKTeX\tex/latex/booktabs\booktabs.sty
Package: booktabs 2020/01/12 v1.61803398 Publication quality tables
\heavyrulewidth=\dimen168
\lightrulewidth=\dimen169
\cmidrulewidth=\dimen170
\belowrulesep=\dimen171
\belowbottomsep=\dimen172
\aboverulesep=\dimen173
\abovetopsep=\dimen174
\cmidrulesep=\dimen175
\cmidrulekern=\dimen176
\defaultaddspace=\dimen177
\@cmidla=\count309
\@cmidlb=\count310
\@aboverulesep=\dimen178
\@belowrulesep=\dimen179
\@thisruleclass=\count311
\@lastruleclass=\count312
\@thisrulewidth=\dimen180
)
Package hyperref Info: Option `colorlinks' set `true' on input line 19.
 (C:\Users\pedro\AppData\Local\Programs\MiKTeX\tex/latex/l3backend\l3backend-pdftex.def
File: l3backend-pdftex.def 2025-06-09 L3 backend support: PDF output (pdfTeX)
\l__color_backend_stack_int=\count313
) (Modulos_Odoo_Modelo_Vista.aux
LaTeX Info: Redefining \. on input line 11.
LaTeX Info: Redefining \% on input line 11.
Package babel Info: 'spanish' activates 'spanish' shorthands.
(babel)             Reported on input line 11.
)
\openout1 = `Modulos_Odoo_Modelo_Vista.aux'.

LaTeX Font Info:    Checking defaults for OML/cmm/m/it on input line 37.
LaTeX Font Info:    ... okay on input line 37.
LaTeX Font Info:    Checking defaults for OMS/cmsy/m/n on input line 37.
LaTeX Font Info:    ... okay on input line 37.
LaTeX Font Info:    Checking defaults for OT1/cmr/m/n on input line 37.
LaTeX Font Info:    ... okay on input line 37.
LaTeX Font Info:    Checking defaults for T1/cmr/m/n on input line 37.
LaTeX Font Info:    ... okay on input line 37.
LaTeX Font Info:    Checking defaults for TS1/cmr/m/n on input line 37.
LaTeX Font Info:    ... okay on input line 37.
LaTeX Font Info:    Checking defaults for OMX/cmex/m/n on input line 37.
LaTeX Font Info:    ... okay on input line 37.
LaTeX Font Info:    Checking defaults for U/cmr/m/n on input line 37.
LaTeX Font Info:    ... okay on input line 37.
LaTeX Font Info:    Checking defaults for PD1/pdf/m/n on input line 37.
LaTeX Font Info:    ... okay on input line 37.
LaTeX Font Info:    Checking defaults for PU/pdf/m/n on input line 37.
LaTeX Font Info:    ... okay on input line 37.
LaTeX Info: Redefining \. on input line 37.
LaTeX Info: Redefining \% on input line 37.

*geometry* driver: auto-detecting
*geometry* detected driver: pdftex
*geometry* verbose mode - [ preamble ] result:
* driver: pdftex
* paper: a4paper
* layout: <same size as paper>
* layoutoffset:(h,v)=(0.0pt,0.0pt)
* modes: 
* h-part:(L,W,R)=(71.13188pt, 455.24411pt, 71.13188pt)
* v-part:(T,H,B)=(71.13188pt, 702.78308pt, 71.13188pt)
* \paperwidth=597.50787pt
* \paperheight=845.04684pt
* \textwidth=455.24411pt
* \textheight=702.78308pt
* \oddsidemargin=-1.1381pt
* \evensidemargin=-1.1381pt
* \topmargin=-38.1381pt
* \headheight=12.0pt
* \headsep=25.0pt
* \topskip=12.0pt
* \footskip=30.0pt
* \marginparwidth=35.0pt
* \marginparsep=10.0pt
* \columnsep=10.0pt
* \skip\footins=10.8pt plus 4.0pt minus 2.0pt
* \hoffset=0.0pt
* \voffset=0.0pt
* \mag=1000
* \@twocolumnfalse
* \@twosidefalse
* \@mparswitchfalse
* \@reversemarginfalse
* (1in=72.27pt=25.4mm, 1cm=28.453pt)

(C:\Users\pedro\AppData\Local\Programs\MiKTeX\tex/context/base/mkii\supp-pdf.mkii
[Loading MPS to PDF converter (version 2006.09.02).]
\scratchcounter=\count314
\scratchdimen=\dimen181
\scratchbox=\box55
\nofMPsegments=\count315
\nofMParguments=\count316
\everyMPshowfont=\toks23
\MPscratchCnt=\count317
\MPscratchDim=\dimen182
\MPnumerator=\count318
\makeMPintoPDFobject=\count319
\everyMPtoPDFconversion=\toks24
) (C:\Users\pedro\AppData\Local\Programs\MiKTeX\tex/latex/epstopdf-pkg\epstopdf-base.sty
Package: epstopdf-base 2020-01-24 v2.11 Base part for package epstopdf
Package epstopdf-base Info: Redefining graphics rule for `.eps' on input line 485.
 (C:\Users\pedro\AppData\Local\Programs\MiKTeX\tex/latex/00miktex\epstopdf-sys.cfg
File: epstopdf-sys.cfg 2021/03/18 v2.0 Configuration of epstopdf for MiKTeX
))
Package hyperref Info: Link coloring ON on input line 37.
 (Modulos_Odoo_Modelo_Vista.out) (Modulos_Odoo_Modelo_Vista.out)
\@outlinefile=\write3
\openout3 = `Modulos_Odoo_Modelo_Vista.out'.

\c@lstlisting=\count320
<images/odoo_logo.png, id=19, 623.32875pt x 196.735pt>
File: images/odoo_logo.png Graphic file (type png)
<use images/odoo_logo.png>
Package pdftex.def Info: images/odoo_logo.png  used on input line 41.
(pdftex.def)             Requested size: 227.62206pt x 71.84218pt.


[1

{C:/Users/pedro/AppData/Local/MiKTeX/fonts/map/pdftex/pdftex.map} <./images/odoo_logo.png>] (Modulos_Odoo_Modelo_Vista.toc
LaTeX Info: Redefining \. on input line 1.
LaTeX Info: Redefining \% on input line 1.
)
\tf@toc=\write4
\openout4 = `Modulos_Odoo_Modelo_Vista.toc'.




pdfTeX warning (ext4): destination with the same identifier (name{page.1}) has been already used, duplicate ignored
<to be read again> 
                   \relax 
l.58 \newpage
              [1]
Package hyperref Info: bookmark level for unknown lstlisting defaults to 0 on input line 68.
<images/vista_kanban.png, id=36, 514.92375pt x 249.18094pt>
File: images/vista_kanban.png Graphic file (type png)
<use images/vista_kanban.png>
Package pdftex.def Info: images/vista_kanban.png  used on input line 90.
(pdftex.def)             Requested size: 364.19667pt x 176.2467pt.


[2 <./images/vista_kanban.png>]
<images/vista_calendar.png, id=58, 1444.64719pt x 709.14937pt>
File: images/vista_calendar.png Graphic file (type png)
<use images/vista_calendar.png>
Package pdftex.def Info: images/vista_calendar.png  used on input line 142.
(pdftex.def)             Requested size: 364.19667pt x 178.76935pt.


[3]

[4 <./images/vista_calendar.png>]

[5]
<images/vista_socios.png, id=118, 1444.64719pt x 214.55156pt>
File: images/vista_socios.png Graphic file (type png)
<use images/vista_socios.png>
Package pdftex.def Info: images/vista_socios.png  used on input line 196.
(pdftex.def)             Requested size: 364.19667pt x 54.08626pt.
<images/formulario_socios.png, id=119, 1443.89438pt x 231.11343pt>
File: images/formulario_socios.png Graphic file (type png)
<use images/formulario_socios.png>
Package pdftex.def Info: images/formulario_socios.png  used on input line 206.
(pdftex.def)             Requested size: 364.19667pt x 58.29308pt.


[6 <./images/vista_socios.png> <./images/formulario_socios.png>]

[7]
<images/vista_ejemplar.png, id=178, 1444.64719pt x 216.81pt>
File: images/vista_ejemplar.png Graphic file (type png)
<use images/vista_ejemplar.png>
Package pdftex.def Info: images/vista_ejemplar.png  used on input line 304.
(pdftex.def)             Requested size: 364.19667pt x 54.6556pt.
<images/formulario_ejemplar.png, id=179, 1444.64719pt x 268.00125pt>
File: images/formulario_ejemplar.png Graphic file (type png)
<use images/formulario_ejemplar.png>
Package pdftex.def Info: images/formulario_ejemplar.png  used on input line 314.
(pdftex.def)             Requested size: 364.19667pt x 67.56038pt.
<images/creacion_comic.png, id=180, 1444.64719pt x 412.54124pt>
File: images/creacion_comic.png Graphic file (type png)
<use images/creacion_comic.png>
Package pdftex.def Info: images/creacion_comic.png  used on input line 324.
(pdftex.def)             Requested size: 364.19667pt x 103.99745pt.


[8 <./images/vista_ejemplar.png> <./images/formulario_ejemplar.png> <./images/creacion_comic.png>]
<images/creacion_categoria.png, id=194, 1444.64719pt x 169.38281pt>
File: images/creacion_categoria.png Graphic file (type png)
<use images/creacion_categoria.png>
Package pdftex.def Info: images/creacion_categoria.png  used on input line 334.
(pdftex.def)             Requested size: 364.19667pt x 42.69968pt.
<images/creacion_socio.png, id=195, 1440.13031pt x 200.24812pt>
File: images/creacion_socio.png Graphic file (type png)
<use images/creacion_socio.png>
Package pdftex.def Info: images/creacion_socio.png  used on input line 344.
(pdftex.def)             Requested size: 364.19667pt x 50.6394pt.
<images/creacion_ejemplar.png, id=196, 1444.64719pt x 237.88875pt>
File: images/creacion_ejemplar.png Graphic file (type png)
<use images/creacion_ejemplar.png>
Package pdftex.def Info: images/creacion_ejemplar.png  used on input line 354.
(pdftex.def)             Requested size: 364.19667pt x 59.96933pt.


[9 <./images/creacion_categoria.png> <./images/creacion_socio.png> <./images/creacion_ejemplar.png>]

[10]

[11]
<images/vista_medico.png, id=256, 1443.89438pt x 215.30438pt>
File: images/vista_medico.png Graphic file (type png)
<use images/vista_medico.png>
Package pdftex.def Info: images/vista_medico.png  used on input line 481.
(pdftex.def)             Requested size: 364.19667pt x 54.3056pt.
<images/vista_paciente.png, id=257, 1443.89438pt x 210.03468pt>
File: images/vista_paciente.png Graphic file (type png)
<use images/vista_paciente.png>
Package pdftex.def Info: images/vista_paciente.png  used on input line 491.
(pdftex.def)             Requested size: 364.19667pt x 52.97644pt.
<images/vista_consulta.png, id=258, 1444.64719pt x 207.02344pt>
File: images/vista_consulta.png Graphic file (type png)
<use images/vista_consulta.png>
Package pdftex.def Info: images/vista_consulta.png  used on input line 501.
(pdftex.def)             Requested size: 364.19667pt x 52.18849pt.


[12 <./images/vista_medico.png> <./images/vista_paciente.png> <./images/vista_consulta.png>]
<images/creacion_medico1.png, id=283, 1444.64719pt x 307.1475pt>
File: images/creacion_medico1.png Graphic file (type png)
<use images/creacion_medico1.png>
Package pdftex.def Info: images/creacion_medico1.png  used on input line 513.
(pdftex.def)             Requested size: 364.19667pt x 77.42876pt.
<images/creacion_medico2.png, id=284, 673.76718pt x 234.8775pt>
File: images/creacion_medico2.png Graphic file (type png)
<use images/creacion_medico2.png>
Package pdftex.def Info: images/creacion_medico2.png  used on input line 523.
(pdftex.def)             Requested size: 364.19667pt x 126.96097pt.
<images/creacion_paciente1.png, id=285, 1444.64719pt x 316.93407pt>
File: images/creacion_paciente1.png Graphic file (type png)
<use images/creacion_paciente1.png>
Package pdftex.def Info: images/creacion_paciente1.png  used on input line 533.
(pdftex.def)             Requested size: 364.19667pt x 79.89584pt.
<images/creacion_paciente2.png, id=286, 669.2503pt x 228.10219pt>
File: images/creacion_paciente2.png Graphic file (type png)
<use images/creacion_paciente2.png>
Package pdftex.def Info: images/creacion_paciente2.png  used on input line 543.
(pdftex.def)             Requested size: 364.19667pt x 124.13396pt.


[13 <./images/creacion_medico1.png> <./images/creacion_medico2.png> <./images/creacion_paciente1.png>]
<images/creacion_consulta.png, id=294, 1444.64719pt x 234.1247pt>
File: images/creacion_consulta.png Graphic file (type png)
<use images/creacion_consulta.png>
Package pdftex.def Info: images/creacion_consulta.png  used on input line 553.
(pdftex.def)             Requested size: 364.19667pt x 59.02045pt.


[14 <./images/creacion_paciente2.png> <./images/creacion_consulta.png>]
Underfull \hbox (badness 10000) in paragraph at lines 562--563

 []



[15]

[16]
<images/vista_ciclos.png, id=348, 1444.64719pt x 223.58531pt>
File: images/vista_ciclos.png Graphic file (type png)
<use images/vista_ciclos.png>
Package pdftex.def Info: images/vista_ciclos.png  used on input line 655.
(pdftex.def)             Requested size: 364.19667pt x 56.36357pt.
<images/vista_modulos.png, id=349, 1443.14156pt x 205.5178pt>
File: images/vista_modulos.png Graphic file (type png)
<use images/vista_modulos.png>
Package pdftex.def Info: images/vista_modulos.png  used on input line 665.
(pdftex.def)             Requested size: 364.19667pt x 51.86539pt.
<images/vista_alumnos.png, id=350, 1442.38875pt x 211.54031pt>
File: images/vista_alumnos.png Graphic file (type png)
<use images/vista_alumnos.png>
Package pdftex.def Info: images/vista_alumnos.png  used on input line 675.
(pdftex.def)             Requested size: 364.19667pt x 53.41107pt.
<images/vista_profesor.png, id=351, 1444.64719pt x 207.77625pt>
File: images/vista_profesor.png Graphic file (type png)
<use images/vista_profesor.png>
Package pdftex.def Info: images/vista_profesor.png  used on input line 685.
(pdftex.def)             Requested size: 364.19667pt x 52.37827pt.
<images/creacion_ciclo1.png, id=352, 1444.64719pt x 281.55188pt>
File: images/creacion_ciclo1.png Graphic file (type png)
<use images/creacion_ciclo1.png>
Package pdftex.def Info: images/creacion_ciclo1.png  used on input line 697.
(pdftex.def)             Requested size: 364.19667pt x 70.97636pt.


[17 <./images/vista_ciclos.png> <./images/vista_modulos.png> <./images/vista_alumnos.png> <./images/vista_profesor.png> <./images/creacion_ciclo1.png>]
<images/creacion_ciclo2.png, id=362, 1444.64719pt x 694.09312pt>
File: images/creacion_ciclo2.png Graphic file (type png)
<use images/creacion_ciclo2.png>
Package pdftex.def Info: images/creacion_ciclo2.png  used on input line 707.
(pdftex.def)             Requested size: 364.19667pt x 174.97382pt.
<images/creacion_modulo1.png, id=363, 1444.64719pt x 335.75438pt>
File: images/creacion_modulo1.png Graphic file (type png)
<use images/creacion_modulo1.png>
Package pdftex.def Info: images/creacion_modulo1.png  used on input line 717.
(pdftex.def)             Requested size: 364.19667pt x 84.64026pt.
<images/creacion_modulo2.png, id=364, 1444.64719pt x 701.62125pt>
File: images/creacion_modulo2.png Graphic file (type png)
<use images/creacion_modulo2.png>
Package pdftex.def Info: images/creacion_modulo2.png  used on input line 727.
(pdftex.def)             Requested size: 364.19667pt x 176.87158pt.
<images/creacion_alumno.png, id=365, 1444.64719pt x 272.51813pt>
File: images/creacion_alumno.png Graphic file (type png)
<use images/creacion_alumno.png>
Package pdftex.def Info: images/creacion_alumno.png  used on input line 737.
(pdftex.def)             Requested size: 364.19667pt x 68.69904pt.


[18 <./images/creacion_ciclo2.png> <./images/creacion_modulo1.png> <./images/creacion_modulo2.png>]
<images/creacion_profesor.png, id=374, 1444.64719pt x 272.51813pt>
File: images/creacion_profesor.png Graphic file (type png)
<use images/creacion_profesor.png>
Package pdftex.def Info: images/creacion_profesor.png  used on input line 747.
(pdftex.def)             Requested size: 364.19667pt x 68.69904pt.


[19 <./images/creacion_alumno.png> <./images/creacion_profesor.png>]
<images/creacion_usuario.png, id=398, 1443.14156pt x 703.12688pt>
File: images/creacion_usuario.png Graphic file (type png)
<use images/creacion_usuario.png>
Package pdftex.def Info: images/creacion_usuario.png  used on input line 813.
(pdftex.def)             Requested size: 364.19667pt x 177.44424pt.
<images/reglas_profesor.png, id=399, 1444.64719pt x 426.84468pt>
File: images/reglas_profesor.png Graphic file (type png)
<use images/reglas_profesor.png>
Package pdftex.def Info: images/reglas_profesor.png  used on input line 823.
(pdftex.def)             Requested size: 364.19667pt x 107.6032pt.


[20 <./images/creacion_usuario.png>]
<images/vista_desde_profesor.png, id=414, 1443.14156pt x 215.30438pt>
File: images/vista_desde_profesor.png Graphic file (type png)
<use images/vista_desde_profesor.png>
Package pdftex.def Info: images/vista_desde_profesor.png  used on input line 833.
(pdftex.def)             Requested size: 364.19667pt x 54.33517pt.
<images/creacion_usuario_director.png, id=415, 1443.14156pt x 696.35156pt>
File: images/creacion_usuario_director.png Graphic file (type png)
<use images/creacion_usuario_director.png>
Package pdftex.def Info: images/creacion_usuario_director.png  used on input line 843.
(pdftex.def)             Requested size: 364.19667pt x 175.7344pt.
<images/vista_desde_director.png, id=416, 1443.14156pt x 218.31563pt>
File: images/vista_desde_director.png Graphic file (type png)
<use images/vista_desde_director.png>
Package pdftex.def Info: images/vista_desde_director.png  used on input line 853.
(pdftex.def)             Requested size: 364.19667pt x 55.09511pt.


[21 <./images/reglas_profesor.png> <./images/vista_desde_profesor.png> <./images/creacion_usuario_director.png> <./images/vista_desde_director.png>] (Modulos_Odoo_Modelo_Vista.aux
LaTeX Info: Redefining \. on input line 11.
LaTeX Info: Redefining \% on input line 11.
)
 ***********
LaTeX2e <2025-06-01> patch level 1
L3 programming layer <2025-09-02>
 ***********
Package rerunfilecheck Info: File `Modulos_Odoo_Modelo_Vista.out' has not changed.
(rerunfilecheck)             Checksum: ACC2BCEE9EA0B171D220C544B6F86386;891.
 ) 
Here is how much of TeX's memory you used:
<<<<<<< HEAD
 13043 strings out of 468130
 206950 string characters out of 5429665
 818298 words of memory out of 5000000
 41281 multiletter control sequences out of 15000+600000
 629627 words of font info for 50 fonts, out of 8000000 for 9000
 1141 hyphenation exceptions out of 8191
 75i,6n,79p,453b,1994s stack positions out of 10000i,1000n,20000p,200000b,200000s
<C:/Users/pmeibel/AppData/Local/Programs/MiKTeX/fonts/type1/public/amsfonts/cm/cmbx12.pfb><C:/Users/pmeibel/AppData/Local/Programs/MiKTeX/fonts/type1/public/amsfonts/cm/cmr12.pfb><C:/Users/pmeibel/AppData/Local/Programs/MiKTeX/fonts/type1/public/amsfonts/cm/cmr6.pfb><C:/Users/pmeibel/AppData/Local/Programs/MiKTeX/fonts/type1/public/amsfonts/cm/cmti12.pfb><C:/Users/pmeibel/AppData/Local/Programs/MiKTeX/fonts/type1/public/amsfonts/cm/cmtt10.pfb>
=======
 13047 strings out of 468080
 206833 string characters out of 5425767
 818359 words of memory out of 5000000
 41335 multiletter control sequences out of 15000+600000
 630523 words of font info for 50 fonts, out of 8000000 for 9000
 1141 hyphenation exceptions out of 8191
 75i,6n,79p,462b,1994s stack positions out of 10000i,1000n,20000p,200000b,200000s
<C:/Users/pedro/AppData/Local/Programs/MiKTeX/fonts/type1/public/amsfonts/cm/cmbx12.pfb><C:/Users/pedro/AppData/Local/Programs/MiKTeX/fonts/type1/public/amsfonts/cm/cmr12.pfb><C:/Users/pedro/AppData/Local/Programs/MiKTeX/fonts/type1/public/amsfonts/cm/cmr6.pfb><C:/Users/pedro/AppData/Local/Programs/MiKTeX/fonts/type1/public/amsfonts/cm/cmti12.pfb><C:/Users/pedro/AppData/Local/Programs/MiKTeX/fonts/type1/public/amsfonts/cm/cmtt10.pfb>
>>>>>>> c03af82f4a996d2494b8ec284fcecdf1fbe47db9
Output written on Modulos_Odoo_Modelo_Vista.pdf (22 pages, 796145 bytes).
PDF statistics:
 504 PDF objects out of 1000 (max. 8388607)
 263 named destinations out of 1000 (max. 500000)
 203 words of extra memory for PDF output out of 10000 (max. 10000000)

